
time: 2021-02-14 12:47:46,230---ERROR:py36:用例失败：assert 1 == 1001---test_login.py---42
time: 2021-02-14 12:47:46,732---ERROR:py36:用例失败：assert 1 == 0---test_login.py---42
time: 2021-02-14 12:52:50,271---ERROR:py36:用例失败：assert 1 == 1001---test_login.py---37
time: 2021-02-14 12:52:50,768---ERROR:py36:用例失败：assert 1 == 0---test_login.py---37
time: 2021-02-14 12:54:44,574---ERROR:py36:用例失败：assert 1 == 1001---test_login.py---37
time: 2021-02-14 12:54:45,101---ERROR:py36:用例失败：assert 1 == 0---test_login.py---37
time: 2021-02-14 21:19:45,902---ERROR:py36:用例失败：assert 1 == 1001---test_login.py---37
time: 2021-02-14 21:19:46,416---ERROR:py36:用例失败：assert 1 == 0---test_login.py---37
time: 2021-02-14 21:22:29,750---ERROR:py36:用例失败：assert 1 == 1001---test_login.py---37
time: 2021-02-14 21:22:30,060---ERROR:py36:用例失败：assert 1 == 0---test_login.py---37
time: 2021-02-14 21:33:09,998---ERROR:py36:用例失败：assert 2 == 0---test_register.py---37
time: 2021-02-14 21:33:14,285---ERROR:py36:用例失败：assert 2 == 0---test_register.py---37
time: 2021-02-14 21:33:14,792---ERROR:py36:用例失败：assert 2 == 0---test_register.py---37
time: 2021-02-14 21:33:15,286---ERROR:py36:用例失败：assert 2 == 0---test_register.py---37
time: 2021-02-14 21:33:15,794---ERROR:py36:用例失败：assert 2 == 0---test_register.py---37
time: 2021-02-14 21:33:16,329---ERROR:py36:用例失败：assert 2 == 0---test_register.py---37
time: 2021-02-14 21:33:16,811---ERROR:py36:用例失败：assert 2 == 0---test_register.py---37
time: 2021-02-14 21:33:17,338---ERROR:py36:用例失败：assert 2 == 0---test_register.py---37
time: 2021-02-14 21:33:18,616---ERROR:py36:用例失败：assert 2 == 0---test_register.py---37
time: 2021-03-17 14:14:10,592---ERROR:py36:用例失败：assert 0 == None---test_worksheet.py---37
time: 2021-03-17 14:14:11,449---ERROR:py36:用例失败：assert 0 == None---test_worksheet.py---37
time: 2021-03-17 14:14:12,248---ERROR:py36:用例失败：assert 0 == None---test_worksheet.py---37
time: 2021-03-17 14:14:13,149---ERROR:py36:用例失败：assert 0 == None---test_worksheet.py---37
time: 2021-03-18 10:04:07,879---ERROR:py36:用例失败：assert 400 == 0---test_add_app.py---35
time: 2021-03-18 17:17:03,592---ERROR:py36:用例失败：assert 0 == 2---test_worksheet.py---37
time: 2021-03-18 17:17:27,279---ERROR:py36:用例失败：assert 0 == None---test_worksheet.py---37
time: 2021-03-18 17:17:28,286---ERROR:py36:用例失败：assert 5006 == 0---test_worksheet.py---37
time: 2021-03-18 17:17:28,720---ERROR:py36:用例失败：assert 0 == 2---test_worksheet.py---37
time: 2021-03-18 17:35:19,029---ERROR:py36:用例失败：assert 5006 == 0---test_worksheet.py---37
time: 2021-03-18 17:35:19,399---ERROR:py36:用例失败：assert 0 == 2---test_worksheet.py---37
time: 2021-03-18 17:35:47,342---ERROR:py36:用例失败：assert 0 == 2---test_worksheet.py---37
time: 2021-03-18 17:37:34,695---ERROR:py36:用例失败：assert 0 == None---test_worksheet.py---38
time: 2021-03-18 17:37:37,642---ERROR:py36:用例失败：assert 0 == 2---test_worksheet.py---38
time: 2021-03-18 17:43:32,359---ERROR:py36:用例失败：assert 0 == None---test_worksheet.py---42
time: 2021-03-18 17:43:32,675---ERROR:py36:用例失败：assert 0 == None---test_worksheet.py---42
time: 2021-03-18 17:43:32,987---ERROR:py36:用例失败：assert 0 == None---test_worksheet.py---42
time: 2021-03-18 17:43:33,803---ERROR:py36:用例失败：assert 0 == None---test_worksheet.py---42
time: 2021-03-18 17:43:34,123---ERROR:py36:用例失败：assert 0 == None---test_worksheet.py---42
time: 2021-03-18 17:43:34,632---ERROR:py36:用例失败：assert 0 == None---test_worksheet.py---42
time: 2021-03-18 17:43:35,094---ERROR:py36:用例失败：assert 0 == 2---test_worksheet.py---42
time: 2021-03-18 17:48:21,448---ERROR:py36:用例失败：assert 5006 == 0---test_worksheet.py---42
time: 2021-03-18 17:48:21,824---ERROR:py36:用例失败：assert 5006 == 0---test_worksheet.py---42
time: 2021-06-02 11:58:00,521---ERROR:py36:用例失败：assert 5006 == 0---test_worksheet.py---44
time: 2021-06-02 11:58:01,017---ERROR:py36:用例失败：assert 5006 == 0---test_worksheet.py---44
time: 2021-06-02 16:20:40,566---ERROR:py36:用例失败：assert 5006 == 0---test_worksheet.py---51
time: 2021-06-02 16:20:40,999---ERROR:py36:用例失败：assert 5006 == 0---test_worksheet.py---51
time: 2021-06-02 20:41:53,592---ERROR:py36:用例失败：assert 0 == None---test_worksheet.py---61
time: 2021-06-02 20:43:23,028---ERROR:py36:用例失败：assert 5006 == 0---test_worksheet.py---61
time: 2021-06-02 20:43:23,445---ERROR:py36:用例失败：assert 5006 == 0---test_worksheet.py---61
time: 2021-06-02 20:43:36,502---ERROR:py36:用例失败：assert 0 == None---test_worksheet.py---61
time: 2021-06-02 22:46:25,163---ERROR:py36:用例失败：assert 5006 == 0---test_worksheet.py---67
time: 2021-06-02 22:46:25,835---ERROR:py36:用例失败：assert 5006 == 0---test_worksheet.py---67
time: 2021-06-02 22:46:53,000---ERROR:py36:用例失败：assert 0 == None---test_worksheet.py---67
time: 2021-06-02 22:47:51,837---ERROR:py36:用例失败：assert 0 == None---test_worksheet.py---67
time: 2021-06-02 22:49:55,338---ERROR:py36:用例失败：assert 0 == None---test_worksheet.py---67
time: 2021-06-02 23:09:35,260---ERROR:py36:用例失败：assert 5006 == 0---test_worksheet.py---75
time: 2021-06-02 23:09:35,810---ERROR:py36:用例失败：assert 5006 == 0---test_worksheet.py---75
time: 2021-06-02 23:10:03,054---ERROR:py36:用例失败：assert 0 == None---test_worksheet.py---75
time: 2021-06-02 23:14:59,858---ERROR:py36:用例失败：assert 0 == None---test_worksheet.py---76
time: 2021-06-02 23:16:05,215---ERROR:py36:用例失败：assert 0 == None---test_worksheet.py---76
time: 2021-06-02 23:47:53,263---ERROR:py36:用例失败：assert 0 == None---test_worksheet.py---76
time: 2021-06-03 00:14:06,599---ERROR:py36:用例失败：assert 0 == None---test_worksheet.py---74
time: 2021-06-03 09:37:20,178---ERROR:py36:用例失败：assert 0 == None---test_worksheet.py---74
time: 2021-06-03 09:48:04,514---ERROR:py36:用例失败：assert 0 == None---test_worksheet.py---74
time: 2021-06-03 10:14:54,932---ERROR:py36:用例失败：assert 0 == None---test_worksheet.py---74
time: 2021-06-03 10:17:38,292---ERROR:py36:用例失败：assert 0 == None---test_worksheet.py---74
time: 2021-06-03 14:24:21,633---ERROR:py36:用例失败：assert 5016 == 0---test_worksheet.py---76
time: 2021-06-03 14:24:22,247---ERROR:py36:用例失败：assert 5006 == 0---test_worksheet.py---76
time: 2021-06-03 14:24:22,718---ERROR:py36:用例失败：assert 5006 == 0---test_worksheet.py---76
time: 2021-06-03 14:40:15,344---ERROR:py36:用例失败：assert 5016 == 0---test_worksheet.py---76
time: 2021-06-03 14:40:16,606---ERROR:py36:用例失败：assert 5006 == 0---test_worksheet.py---76
time: 2021-06-03 14:40:17,325---ERROR:py36:用例失败：assert 5006 == 0---test_worksheet.py---76
time: 2021-06-03 14:40:58,587---ERROR:py36:用例失败：assert 5016 == 0---test_worksheet.py---76
